<?xml version="1.0" encoding="UTF-8"?>
<!-- Generated by org.testng.reporters.JUnitXMLReporter -->
<testsuite ignored="6" hostname="DESKTOP-P6F1DDQ" failures="0" tests="3" name="GroupingTest" time="0.082" errors="0" timestamp="2024-05-24T13:57:49 IST">
  <testcase classname="testng.Grouping" name="signupbyfacebook" time="0.012"/>
  <testcase classname="testng.Grouping" name="signupbytwitter" time="0.003"/>
  <testcase classname="testng.Grouping" name="paymentReturnbyBank" time="0.001"/>
  <testcase classname="testng.Grouping" name="paymentinrupees" time="0.0">
    <ignored/>
  </testcase> <!-- paymentinrupees -->
  <testcase classname="testng.Grouping" name="signupbyemail" time="0.0">
    <ignored/>
  </testcase> <!-- signupbyemail -->
  <testcase classname="testng.Grouping" name="loginBytwitter" time="0.0">
    <ignored/>
  </testcase> <!-- loginBytwitter -->
  <testcase classname="testng.Grouping" name="loginByEmail" time="0.0">
    <ignored/>
  </testcase> <!-- loginByEmail -->
  <testcase classname="testng.Grouping" name="paymentindollar" time="0.0">
    <ignored/>
  </testcase> <!-- paymentindollar -->
  <testcase classname="testng.Grouping" name="loginByfacebook" time="0.0">
    <ignored/>
  </testcase> <!-- loginByfacebook -->
</testsuite> <!-- GroupingTest -->
