<?xml version="1.0" encoding="UTF-8"?>
<testng-results ignored="0" total="1" passed="1" failed="0" skipped="0">
  <reporter-output>
  </reporter-output>
  <suite started-at="2025-01-22T00:22:02 IST" name="Default suite" finished-at="2025-01-22T00:22:14 IST" duration-ms="11945">
    <groups>
    </groups>
    <test started-at="2025-01-22T00:22:02 IST" name="Default test" finished-at="2025-01-22T00:22:14 IST" duration-ms="11945">
      <class name="webTables.WebTablehandleMukesh">
        <test-method signature="webTable()[pri:0, instance:webTables.WebTablehandleMukesh@5acf93bb]" started-at="2025-01-22T00:22:02 IST" name="webTable" finished-at="2025-01-22T00:22:13 IST" duration-ms="11893" status="PASS">
          <reporter-output>
          </reporter-output>
        </test-method> <!-- webTable -->
      </class> <!-- webTables.WebTablehandleMukesh -->
    </test> <!-- Default test -->
  </suite> <!-- Default suite -->
</testng-results>
